Treatment: ('random', 7284)
[(3, 5), (3, 3), (0, 2), (2, 5), (2, 2), (2, 1), (1, 2), (2, 3), (0, 3), (2, 4), (4, 1), (1, 1), (4, 1), (4, 1), (4, 5), (0, 5), (4, 3), (0, 4), (2, 2), (0, 1), (1, 1), (2, 1), (3, 1), (0, 1), (0, 1), (2, 4), (3, 2), (2, 3), (1, 2), (4, 2), (1, 4), (0, 2), (2, 1), (4, 3), (3, 2), (4, 2), (3, 1), (1, 3), (1, 5), (0, 4)]
MOVE: 0 3 1 None None None
random discards red 4
trash is now red 4
random now has blue 3, yellow 3, blue 4, yellow 1, blue 5
MOVE: 1 3 1 1 None None
You discards red 4
trash is now red 4, red 4
You now has blue 1, yellow 4, blue 4, green 3, blue 3
MOVE: 0 2 4 None None None
random plays blue 5 and fails. Board was green 0, yellow 0, white 0, blue 0, red 0
random now has blue 3, yellow 3, blue 4, yellow 1, green 2
MOVE: 1 2 2 1 None None
You plays blue 4 and fails. Board was green 0, yellow 0, white 0, blue 0, red 0
You now has blue 1, yellow 4, green 3, blue 3, white 5
MOVE: 0 1 None 1 None 5
random hints You about all their 5 hints remaining: 7
You has blue 1, yellow 4, green 3, blue 3, white 5
MOVE: 1 2 3 1 None None
You plays blue 3 and fails. Board was green 0, yellow 0, white 0, blue 0, red 0
You now has blue 1, yellow 4, green 3, white 5, white 2
Score 0
