Treatment: ('random', 5188)
[(0, 1), (1, 5), (0, 5), (1, 4), (0, 1), (0, 3), (3, 5), (0, 4), (0, 1), (2, 1), (4, 2), (3, 3), (1, 2), (0, 2), (1, 1), (4, 3), (4, 5), (3, 1), (4, 1), (4, 3), (3, 4), (2, 2), (3, 2), (2, 3), (1, 1), (3, 1), (3, 4), (1, 3), (4, 2), (2, 4), (3, 2), (2, 1), (3, 3), (2, 5), (2, 4), (3, 1), (2, 2), (0, 3), (0, 4), (1, 3)]
MOVE: 0 2 0 None None None
random plays yellow 2 and fails. Board was green 0, yellow 0, white 0, blue 0, red 0
random now has green 2, red 4, yellow 4, red 1, green 1
MOVE: 1 0 None 0 1 None
You hints random about all their yellow cards hints remaining: 7
random has green 2, red 4, yellow 4, red 1, green 1
MOVE: 0 3 4 None None None
random discards green 1
trash is now yellow 2, green 1
random now has green 2, red 4, yellow 4, red 1, yellow 5
MOVE: 1 2 1 1 None None
You plays white 1 successfully! Board is now green 0, yellow 0, white 1, blue 0, red 0
You now has yellow 1, red 4, red 1, white 3, green 5
MOVE: 0 2 2 None None None
random plays yellow 4 and fails. Board was green 0, yellow 0, white 1, blue 0, red 0
random now has green 2, red 4, red 1, yellow 5, yellow 4
MOVE: 1 1 None 0 None 1
You hints random about all their 1 hints remaining: 7
random has green 2, red 4, red 1, yellow 5, yellow 4
MOVE: 0 2 3 None None None
random plays yellow 5 and fails. Board was green 0, yellow 0, white 1, blue 0, red 0
random now has green 2, red 4, red 1, yellow 4, green 1
Score 1
